{"/Users/Hsuching/WebstormProjects/NodeJS/TestFramework/test.js":{"path":"/Users/Hsuching/WebstormProjects/NodeJS/TestFramework/test.js","s":{"1":1,"2":1,"3":1,"4":1,"5":1,"6":1,"7":1,"8":1,"9":1,"10":1,"11":1,"12":1,"13":1,"14":1,"15":1,"16":1,"17":1,"18":1,"19":1},"b":{},"f":{"1":1,"2":1,"3":1,"4":1,"5":1,"6":1,"7":1,"8":1,"9":1,"10":1},"fnMap":{"1":{"name":"(anonymous_1)","line":9,"loc":{"start":{"line":9,"column":30},"end":{"line":9,"column":42}}},"2":{"name":"(anonymous_2)","line":10,"loc":{"start":{"line":10,"column":38},"end":{"line":10,"column":50}}},"3":{"name":"(anonymous_3)","line":14,"loc":{"start":{"line":14,"column":38},"end":{"line":14,"column":50}}},"4":{"name":"(anonymous_4)","line":18,"loc":{"start":{"line":18,"column":40},"end":{"line":18,"column":52}}},"5":{"name":"(anonymous_5)","line":22,"loc":{"start":{"line":22,"column":35},"end":{"line":22,"column":47}}},"6":{"name":"(anonymous_6)","line":23,"loc":{"start":{"line":23,"column":9},"end":{"line":23,"column":21}}},"7":{"name":"(anonymous_7)","line":28,"loc":{"start":{"line":28,"column":34},"end":{"line":28,"column":46}}},"8":{"name":"(anonymous_8)","line":29,"loc":{"start":{"line":29,"column":9},"end":{"line":29,"column":21}}},"9":{"name":"(anonymous_9)","line":34,"loc":{"start":{"line":34,"column":42},"end":{"line":34,"column":54}}},"10":{"name":"(anonymous_10)","line":35,"loc":{"start":{"line":35,"column":9},"end":{"line":35,"column":21}}}},"statementMap":{"1":{"start":{"line":5,"column":0},"end":{"line":5,"column":29}},"2":{"start":{"line":6,"column":0},"end":{"line":6,"column":31}},"3":{"start":{"line":7,"column":0},"end":{"line":7,"column":28}},"4":{"start":{"line":9,"column":0},"end":{"line":39,"column":3}},"5":{"start":{"line":10,"column":4},"end":{"line":12,"column":7}},"6":{"start":{"line":11,"column":8},"end":{"line":11,"column":42}},"7":{"start":{"line":14,"column":4},"end":{"line":16,"column":7}},"8":{"start":{"line":15,"column":8},"end":{"line":15,"column":42}},"9":{"start":{"line":18,"column":4},"end":{"line":20,"column":7}},"10":{"start":{"line":19,"column":8},"end":{"line":19,"column":44}},"11":{"start":{"line":22,"column":4},"end":{"line":26,"column":7}},"12":{"start":{"line":23,"column":8},"end":{"line":25,"column":42}},"13":{"start":{"line":24,"column":12},"end":{"line":24,"column":31}},"14":{"start":{"line":28,"column":4},"end":{"line":32,"column":7}},"15":{"start":{"line":29,"column":8},"end":{"line":31,"column":41}},"16":{"start":{"line":30,"column":12},"end":{"line":30,"column":31}},"17":{"start":{"line":34,"column":4},"end":{"line":38,"column":7}},"18":{"start":{"line":35,"column":8},"end":{"line":37,"column":48}},"19":{"start":{"line":36,"column":12},"end":{"line":36,"column":33}}},"branchMap":{}},"/Users/Hsuching/WebstormProjects/NodeJS/TestFramework/main.js":{"path":"/Users/Hsuching/WebstormProjects/NodeJS/TestFramework/main.js","s":{"1":1,"2":182,"3":1,"4":181,"5":1,"6":180,"7":1,"8":179,"9":35,"10":144,"11":56,"12":88,"13":1,"14":0,"15":0,"16":1},"b":{"1":[1,181],"2":[1,180],"3":[1,179],"4":[35,144],"5":[56,88],"6":[0,1]},"f":{"1":182},"fnMap":{"1":{"name":"(anonymous_1)","line":4,"loc":{"start":{"line":4,"column":16},"end":{"line":4,"column":29}}}},"statementMap":{"1":{"start":{"line":4,"column":0},"end":{"line":21,"column":2}},"2":{"start":{"line":5,"column":4},"end":{"line":7,"column":5}},"3":{"start":{"line":6,"column":8},"end":{"line":6,"column":48}},"4":{"start":{"line":8,"column":4},"end":{"line":10,"column":5}},"5":{"start":{"line":9,"column":8},"end":{"line":9,"column":40}},"6":{"start":{"line":11,"column":4},"end":{"line":13,"column":5}},"7":{"start":{"line":12,"column":8},"end":{"line":12,"column":42}},"8":{"start":{"line":14,"column":4},"end":{"line":16,"column":5}},"9":{"start":{"line":15,"column":8},"end":{"line":15,"column":17}},"10":{"start":{"line":17,"column":4},"end":{"line":19,"column":5}},"11":{"start":{"line":18,"column":8},"end":{"line":18,"column":17}},"12":{"start":{"line":20,"column":4},"end":{"line":20,"column":43}},"13":{"start":{"line":23,"column":0},"end":{"line":28,"column":1}},"14":{"start":{"line":26,"column":4},"end":{"line":26,"column":36}},"15":{"start":{"line":27,"column":4},"end":{"line":27,"column":57}},"16":{"start":{"line":30,"column":0},"end":{"line":30,"column":28}}},"branchMap":{"1":{"line":5,"type":"if","locations":[{"start":{"line":5,"column":4},"end":{"line":5,"column":4}},{"start":{"line":5,"column":4},"end":{"line":5,"column":4}}]},"2":{"line":8,"type":"if","locations":[{"start":{"line":8,"column":4},"end":{"line":8,"column":4}},{"start":{"line":8,"column":4},"end":{"line":8,"column":4}}]},"3":{"line":11,"type":"if","locations":[{"start":{"line":11,"column":4},"end":{"line":11,"column":4}},{"start":{"line":11,"column":4},"end":{"line":11,"column":4}}]},"4":{"line":14,"type":"if","locations":[{"start":{"line":14,"column":4},"end":{"line":14,"column":4}},{"start":{"line":14,"column":4},"end":{"line":14,"column":4}}]},"5":{"line":17,"type":"if","locations":[{"start":{"line":17,"column":4},"end":{"line":17,"column":4}},{"start":{"line":17,"column":4},"end":{"line":17,"column":4}}]},"6":{"line":23,"type":"if","locations":[{"start":{"line":23,"column":0},"end":{"line":23,"column":0}},{"start":{"line":23,"column":0},"end":{"line":23,"column":0}}]}}}}