TN:
SF:/Users/Hsuching/WebstormProjects/NodeJS/TestFramework/test.js
FN:9,(anonymous_1)
FN:10,(anonymous_2)
FN:14,(anonymous_3)
FN:18,(anonymous_4)
FN:22,(anonymous_5)
FN:23,(anonymous_6)
FN:28,(anonymous_7)
FN:29,(anonymous_8)
FN:34,(anonymous_9)
FN:35,(anonymous_10)
FNF:10
FNH:10
FNDA:1,(anonymous_1)
FNDA:1,(anonymous_2)
FNDA:1,(anonymous_3)
FNDA:1,(anonymous_4)
FNDA:1,(anonymous_5)
FNDA:1,(anonymous_6)
FNDA:1,(anonymous_7)
FNDA:1,(anonymous_8)
FNDA:1,(anonymous_9)
FNDA:1,(anonymous_10)
DA:5,1
DA:6,1
DA:7,1
DA:9,1
DA:10,1
DA:11,1
DA:14,1
DA:15,1
DA:18,1
DA:19,1
DA:22,1
DA:23,1
DA:24,1
DA:28,1
DA:29,1
DA:30,1
DA:34,1
DA:35,1
DA:36,1
LF:19
LH:19
BRF:0
BRH:0
end_of_record
TN:
SF:/Users/Hsuching/WebstormProjects/NodeJS/TestFramework/main.js
FN:4,(anonymous_1)
FNF:1
FNH:1
FNDA:182,(anonymous_1)
DA:4,1
DA:5,182
DA:6,1
DA:8,181
DA:9,1
DA:11,180
DA:12,1
DA:14,179
DA:15,35
DA:17,144
DA:18,56
DA:20,88
DA:23,1
DA:26,0
DA:27,0
DA:30,1
LF:16
LH:14
BRDA:5,1,0,1
BRDA:5,1,1,181
BRDA:8,2,0,1
BRDA:8,2,1,180
BRDA:11,3,0,1
BRDA:11,3,1,179
BRDA:14,4,0,35
BRDA:14,4,1,144
BRDA:17,5,0,56
BRDA:17,5,1,88
BRDA:23,6,0,0
BRDA:23,6,1,1
BRF:12
BRH:11
end_of_record
